0 info it worked if it ends with ok
1 verbose cli [ '/usr/local/bin/node', '/usr/local/bin/npm', 'run', 'serve' ]
2 info using npm@3.10.3
3 info using node@v6.7.0
4 verbose run-script [ 'preserve', 'serve', 'postserve' ]
5 info lifecycle gizwits_components@1.0.12~preserve: gizwits_components@1.0.12
6 silly lifecycle gizwits_components@1.0.12~preserve: no script for preserve, continuing
7 info lifecycle gizwits_components@1.0.12~serve: gizwits_components@1.0.12
8 verbose lifecycle gizwits_components@1.0.12~serve: unsafe-perm in lifecycle true
9 verbose lifecycle gizwits_components@1.0.12~serve: PATH: /usr/local/lib/node_modules/npm/bin/node-gyp-bin:/Users/kylewang/Documents/project/gizwits_components/node_modules/.bin:/usr/local/bin:/Users/kylewang/.rvm/gems/ruby-2.3.0/bin:/Users/kylewang/.rvm/gems/ruby-2.3.0@global/bin:/Users/kylewang/.rvm/rubies/ruby-2.3.0/bin:/Users/kylewang/bin/Sencha/Cmd:/usr/local/bin:/usr/bin:/bin:/usr/sbin:/sbin:/Users/kylewang/android-sdk-macosx/tools:/Users/kylewang/android-sdk-macosx/platform-tools:/Users/kylewang/.rvm/bin
10 verbose lifecycle gizwits_components@1.0.12~serve: CWD: /Users/kylewang/Documents/project/gizwits_components
11 silly lifecycle gizwits_components@1.0.12~serve: Args: [ '-c',
11 silly lifecycle   'webpack-dev-server --devtool eval --progress --colors' ]
12 silly lifecycle gizwits_components@1.0.12~serve: Returned: code: 1  signal: null
13 info lifecycle gizwits_components@1.0.12~serve: Failed to exec serve script
14 verbose stack Error: gizwits_components@1.0.12 serve: `webpack-dev-server --devtool eval --progress --colors`
14 verbose stack Exit status 1
14 verbose stack     at EventEmitter.<anonymous> (/usr/local/lib/node_modules/npm/lib/utils/lifecycle.js:242:16)
14 verbose stack     at emitTwo (events.js:106:13)
14 verbose stack     at EventEmitter.emit (events.js:191:7)
14 verbose stack     at ChildProcess.<anonymous> (/usr/local/lib/node_modules/npm/lib/utils/spawn.js:40:14)
14 verbose stack     at emitTwo (events.js:106:13)
14 verbose stack     at ChildProcess.emit (events.js:191:7)
14 verbose stack     at maybeClose (internal/child_process.js:877:16)
14 verbose stack     at Process.ChildProcess._handle.onexit (internal/child_process.js:226:5)
15 verbose pkgid gizwits_components@1.0.12
16 verbose cwd /Users/kylewang/Documents/project/gizwits_components
17 error Darwin 16.4.0
18 error argv "/usr/local/bin/node" "/usr/local/bin/npm" "run" "serve"
19 error node v6.7.0
20 error npm  v3.10.3
21 error code ELIFECYCLE
22 error gizwits_components@1.0.12 serve: `webpack-dev-server --devtool eval --progress --colors`
22 error Exit status 1
23 error Failed at the gizwits_components@1.0.12 serve script 'webpack-dev-server --devtool eval --progress --colors'.
23 error Make sure you have the latest version of node.js and npm installed.
23 error If you do, this is most likely a problem with the gizwits_components package,
23 error not with npm itself.
23 error Tell the author that this fails on your system:
23 error     webpack-dev-server --devtool eval --progress --colors
23 error You can get information on how to open an issue for this project with:
23 error     npm bugs gizwits_components
23 error Or if that isn't available, you can get their info via:
23 error     npm owner ls gizwits_components
23 error There is likely additional logging output above.
24 verbose exit [ 1, true ]
